[debug] [2024-02-24T13:42:46.785Z] ----------------------------------------------------------------------
[debug] [2024-02-24T13:42:46.789Z] Command:       C:\Program Files\nodejs\node.exe C:\Users\HIMANSHU RAJ\AppData\Roaming\npm\node_modules\firebase-tools\lib\bin\firebase.js init
[debug] [2024-02-24T13:42:46.789Z] CLI Version:   13.3.1
[debug] [2024-02-24T13:42:46.790Z] Platform:      win32
[debug] [2024-02-24T13:42:46.790Z] Node Version:  v20.10.0
[debug] [2024-02-24T13:42:46.790Z] Time:          Sat Feb 24 2024 19:12:46 GMT+0530 (India Standard Time)
[debug] [2024-02-24T13:42:46.790Z] ----------------------------------------------------------------------
[debug] 
[debug] [2024-02-24T13:42:46.798Z] > command requires scopes: ["email","openid","https://www.googleapis.com/auth/cloudplatformprojects.readonly","https://www.googleapis.com/auth/firebase","https://www.googleapis.com/auth/cloud-platform"]
[debug] [2024-02-24T13:42:46.798Z] > authorizing via signed-in user (rajy9234@gmail.com)
[info] 
     ######## #### ########  ######## ########     ###     ######  ########
     ##        ##  ##     ## ##       ##     ##  ##   ##  ##       ##
     ######    ##  ########  ######   ########  #########  ######  ######
     ##        ##  ##    ##  ##       ##     ## ##     ##       ## ##
     ##       #### ##     ## ######## ########  ##     ##  ######  ########

You're about to initialize a Firebase project in this directory:

  D:\VS Code\Program\gdscProject\gdscfrontend

[info] 
=== Project Setup
[info] 
[info] First, let's associate this project directory with a Firebase project.
[info] You can create multiple project aliases by running firebase use --add, 
[info] but for now we'll just set up a default project.
[info] 
[debug] [2024-02-24T13:43:42.192Z] >>> [apiv2][query] GET https://firebase.googleapis.com/v1beta1/projects pageSize=100
[debug] [2024-02-24T13:43:42.991Z] <<< [apiv2][status] GET https://firebase.googleapis.com/v1beta1/projects 200
[debug] [2024-02-24T13:43:42.992Z] <<< [apiv2][body] GET https://firebase.googleapis.com/v1beta1/projects [omitted]
[info] i  Using project village-spark (Village-spark) 
[info] 
=== Hosting Setup
[debug] [2024-02-24T13:43:45.890Z] >>> [apiv2][query] GET https://firebase.googleapis.com/v1beta1/projects/village-spark [none]
[debug] [2024-02-24T13:43:46.443Z] <<< [apiv2][status] GET https://firebase.googleapis.com/v1beta1/projects/village-spark 200
[debug] [2024-02-24T13:43:46.444Z] <<< [apiv2][body] GET https://firebase.googleapis.com/v1beta1/projects/village-spark {"projectId":"village-spark","projectNumber":"113556534355","displayName":"Village-spark","name":"projects/village-spark","resources":{"hostingSite":"village-spark"},"state":"ACTIVE","etag":"1_e29d4137-81cc-4ae5-be67-aa412f5d5105"}
[info] 
[info] Your public directory is the folder (relative to your project directory) that
[info] will contain Hosting assets to be uploaded with firebase deploy. If you
[info] have a build process for your assets, use your build's output directory.
[info] 
